#
# A fatal error has been detected by the Java Runtime Environment:
#
#  Internal Error (javaClasses.cpp:129), pid=31113, tid=139756984215296
#  fatal error: Invalid layout of preloaded class
#
# JRE version: 7.0_09-b05
# Java VM: Java HotSpot(TM) 64-Bit Server VM (23.5-b02 mixed mode linux-amd64 compressed oops)
# Failed to write core dump. Core dumps have been disabled. To enable core dumping, try "ulimit -c unlimited" before starting Java again
#
# If you would like to submit a bug report, please visit:
#   http://bugreport.sun.com/bugreport/crash.jsp
#

---------------  T H R E A D  ---------------

Current thread (0x00007f1bb0007000):  JavaThread "Unknown thread" [_thread_in_vm, id=31119, stack(0x00007f1bb5562000,0x00007f1bb5663000)]

Stack: [0x00007f1bb5562000,0x00007f1bb5663000],  sp=0x00007f1bb5661790,  free space=1021k
Native frames: (J=compiled Java code, j=interpreted, Vv=VM code, C=native code)
V  [libjvm.so+0x8a531a]  VMError::report_and_die()+0x2ea
V  [libjvm.so+0x40aeb9]  report_fatal(char const*, int, char const*)+0x59
V  [libjvm.so+0x5558f7]  compute_offset(int&, klassOopDesc*, Symbol*, Symbol*, bool)+0x137
V  [libjvm.so+0x556ab9]  java_lang_String::compute_offsets()+0x39
V  [libjvm.so+0x8343d3]  SystemDictionary::initialize_preloaded_classes(Thread*)+0x143
V  [libjvm.so+0x880514]  Universe::genesis(Thread*)+0x474
V  [libjvm.so+0x8809c4]  universe2_init()+0x24
V  [libjvm.so+0x503d0d]  init_globals()+0xbd
V  [libjvm.so+0x866f62]  Threads::create_vm(JavaVMInitArgs*, bool*)+0x1e2
V  [libjvm.so+0x563bc4]  JNI_CreateJavaVM+0x74
C  [libjli.so+0x337e]  JavaMain+0x9e


---------------  P R O C E S S  ---------------

Java Threads: ( => current thread )

Other Threads:

=>0x00007f1bb0007000 (exited) JavaThread "Unknown thread" [_thread_in_vm, id=31119, stack(0x00007f1bb5562000,0x00007f1bb5663000)]

VM state:not at safepoint (not fully initialized)

VM Mutex/Monitor currently owned by a thread: None

GC Heap History (0 events):
No events

Deoptimization events (0 events):
No events

Internal exceptions (0 events):
No events

Events (10 events):
Event: 0.007 loading class 0x00007f1bb0028c60 done
Event: 0.008 loading class 0x00007f1bb0028500 done
Event: 0.008 loading class 0x00007f1bb00284d0
Event: 0.008 loading class 0x00007f1bb0053560
Event: 0.008 loading class 0x00007f1bb0053560 done
Event: 0.008 loading class 0x00007f1bb00535a0
Event: 0.008 loading class 0x00007f1bb00535a0 done
Event: 0.008 loading class 0x00007f1bb00535e0
Event: 0.008 loading class 0x00007f1bb00535e0 done
Event: 0.008 loading class 0x00007f1bb00284d0 done


Dynamic libraries:
00400000-00401000 r-xp 00000000 08:02 5769747                            /opt/jdk-1.7-x86_64/bin/java
00600000-00601000 rw-p 00000000 08:02 5769747                            /opt/jdk-1.7-x86_64/bin/java
008f1000-00912000 rw-p 00000000 00:00 0                                  [heap]
bda00000-beec0000 rw-p 00000000 00:00 0 
beec0000-c2c00000 rw-p 00000000 00:00 0 
c2c00000-c54d0000 rw-p 00000000 00:00 0 
c54d0000-eb960000 rw-p 00000000 00:00 0 
eb960000-ecdc0000 rw-p 00000000 00:00 0 
ecdc0000-100000000 rw-p 00000000 00:00 0 
3651c00000-3651c20000 r-xp 00000000 08:02 1313921                        /usr/lib64/ld-2.15.so
3651e1f000-3651e20000 r--p 0001f000 08:02 1313921                        /usr/lib64/ld-2.15.so
3651e20000-3651e21000 rw-p 00020000 08:02 1313921                        /usr/lib64/ld-2.15.so
3651e21000-3651e22000 rw-p 00000000 00:00 0 
3652000000-36521ac000 r-xp 00000000 08:02 1317771                        /usr/lib64/libc-2.15.so
36521ac000-36523ac000 ---p 001ac000 08:02 1317771                        /usr/lib64/libc-2.15.so
36523ac000-36523b0000 r--p 001ac000 08:02 1317771                        /usr/lib64/libc-2.15.so
36523b0000-36523b2000 rw-p 001b0000 08:02 1317771                        /usr/lib64/libc-2.15.so
36523b2000-36523b7000 rw-p 00000000 00:00 0 
3652400000-36524fa000 r-xp 00000000 08:02 1319877                        /usr/lib64/libm-2.15.so
36524fa000-36526f9000 ---p 000fa000 08:02 1319877                        /usr/lib64/libm-2.15.so
36526f9000-36526fa000 r--p 000f9000 08:02 1319877                        /usr/lib64/libm-2.15.so
36526fa000-36526fb000 rw-p 000fa000 08:02 1319877                        /usr/lib64/libm-2.15.so
3652800000-3652803000 r-xp 00000000 08:02 1319864                        /usr/lib64/libdl-2.15.so
3652803000-3652a02000 ---p 00003000 08:02 1319864                        /usr/lib64/libdl-2.15.so
3652a02000-3652a03000 r--p 00002000 08:02 1319864                        /usr/lib64/libdl-2.15.so
3652a03000-3652a04000 rw-p 00003000 08:02 1319864                        /usr/lib64/libdl-2.15.so
3652c00000-3652c16000 r-xp 00000000 08:02 1319870                        /usr/lib64/libpthread-2.15.so
3652c16000-3652e16000 ---p 00016000 08:02 1319870                        /usr/lib64/libpthread-2.15.so
3652e16000-3652e17000 r--p 00016000 08:02 1319870                        /usr/lib64/libpthread-2.15.so
3652e17000-3652e18000 rw-p 00017000 08:02 1319870                        /usr/lib64/libpthread-2.15.so
3652e18000-3652e1c000 rw-p 00000000 00:00 0 
3653400000-3653407000 r-xp 00000000 08:02 1319892                        /usr/lib64/librt-2.15.so
3653407000-3653606000 ---p 00007000 08:02 1319892                        /usr/lib64/librt-2.15.so
3653606000-3653607000 r--p 00006000 08:02 1319892                        /usr/lib64/librt-2.15.so
3653607000-3653608000 rw-p 00007000 08:02 1319892                        /usr/lib64/librt-2.15.so
7f1b90000000-7f1b90021000 rw-p 00000000 00:00 0 
7f1b90021000-7f1b94000000 ---p 00000000 00:00 0 
7f1b98000000-7f1b98021000 rw-p 00000000 00:00 0 
7f1b98021000-7f1b9c000000 ---p 00000000 00:00 0 
7f1ba0000000-7f1ba0021000 rw-p 00000000 00:00 0 
7f1ba0021000-7f1ba4000000 ---p 00000000 00:00 0 
7f1ba5ed0000-7f1ba8000000 rw-p 00000000 00:00 0 
7f1ba8000000-7f1ba8021000 rw-p 00000000 00:00 0 
7f1ba8021000-7f1bac000000 ---p 00000000 00:00 0 
7f1bac7b4000-7f1bad000000 rw-p 00000000 00:00 0 
7f1bad000000-7f1bad270000 rwxp 00000000 00:00 0 
7f1bad270000-7f1bb005d000 rw-p 00000000 00:00 0 
7f1bb005d000-7f1bb4000000 ---p 00000000 00:00 0 
7f1bb4379000-7f1bb45a7000 rw-p 00000000 00:00 0 
7f1bb45a7000-7f1bb4669000 r--s 00c91000 08:02 3177411                    /opt/eclipse-java-4.2.0/plugins/android-sdk-linux/platforms/android-16/android.jar
7f1bb4669000-7f1bb4691000 rw-p 00000000 00:00 0 
7f1bb4691000-7f1bb4692000 ---p 00000000 00:00 0 
7f1bb4692000-7f1bb4792000 rw-p 00000000 00:00 0                          [stack:31123]
7f1bb4792000-7f1bb4793000 ---p 00000000 00:00 0 
7f1bb4793000-7f1bb4893000 rw-p 00000000 00:00 0                          [stack:31122]
7f1bb4893000-7f1bb4894000 ---p 00000000 00:00 0 
7f1bb4894000-7f1bb4994000 rw-p 00000000 00:00 0                          [stack:31121]
7f1bb4994000-7f1bb4995000 ---p 00000000 00:00 0 
7f1bb4995000-7f1bb4aa0000 rw-p 00000000 00:00 0                          [stack:31120]
7f1bb4aa0000-7f1bb4abe000 rw-p 00000000 00:00 0 
7f1bb4abe000-7f1bb4ad3000 rw-p 00000000 00:00 0 
7f1bb4ad3000-7f1bb4c05000 rw-p 00000000 00:00 0 
7f1bb4c05000-7f1bb4c10000 rw-p 00000000 00:00 0 
7f1bb4c10000-7f1bb4c2e000 rw-p 00000000 00:00 0 
7f1bb4c2e000-7f1bb4c43000 rw-p 00000000 00:00 0 
7f1bb4c43000-7f1bb4d74000 rw-p 00000000 00:00 0 
7f1bb4d74000-7f1bb4d7f000 rw-p 00000000 00:00 0 
7f1bb4d7f000-7f1bb4e18000 rw-p 00000000 00:00 0 
7f1bb4e18000-7f1bb4e23000 rw-p 00000000 00:00 0 
7f1bb4e23000-7f1bb4ed9000 rw-p 00000000 00:00 0 
7f1bb4ed9000-7f1bb4ef3000 r-xp 00000000 08:02 5769896                    /opt/jdk-1.7-x86_64/jre/lib/amd64/libzip.so
7f1bb4ef3000-7f1bb50f3000 ---p 0001a000 08:02 5769896                    /opt/jdk-1.7-x86_64/jre/lib/amd64/libzip.so
7f1bb50f3000-7f1bb50f4000 rw-p 0001a000 08:02 5769896                    /opt/jdk-1.7-x86_64/jre/lib/amd64/libzip.so
7f1bb50f4000-7f1bb5129000 r--s 00000000 08:02 957216                     /var/db/nscd/passwd
7f1bb5129000-7f1bb5152000 r-xp 00000000 08:02 5769871                    /opt/jdk-1.7-x86_64/jre/lib/amd64/libjava.so
7f1bb5152000-7f1bb5352000 ---p 00029000 08:02 5769871                    /opt/jdk-1.7-x86_64/jre/lib/amd64/libjava.so
7f1bb5352000-7f1bb5354000 rw-p 00029000 08:02 5769871                    /opt/jdk-1.7-x86_64/jre/lib/amd64/libjava.so
7f1bb5354000-7f1bb5361000 r-xp 00000000 08:02 5769895                    /opt/jdk-1.7-x86_64/jre/lib/amd64/libverify.so
7f1bb5361000-7f1bb5560000 ---p 0000d000 08:02 5769895                    /opt/jdk-1.7-x86_64/jre/lib/amd64/libverify.so
7f1bb5560000-7f1bb5562000 rw-p 0000c000 08:02 5769895                    /opt/jdk-1.7-x86_64/jre/lib/amd64/libverify.so
7f1bb5562000-7f1bb5565000 ---p 00000000 00:00 0 
7f1bb5565000-7f1bb5663000 rw-p 00000000 00:00 0                          [stack:31119]
7f1bb5663000-7f1bb60aa000 r-xp 00000000 08:02 5769899                    /opt/jdk-1.7-x86_64/jre/lib/amd64/server/libjvm.so
7f1bb60aa000-7f1bb62a9000 ---p 00a47000 08:02 5769899                    /opt/jdk-1.7-x86_64/jre/lib/amd64/server/libjvm.so
7f1bb62a9000-7f1bb634d000 rw-p 00a46000 08:02 5769899                    /opt/jdk-1.7-x86_64/jre/lib/amd64/server/libjvm.so
7f1bb634d000-7f1bb638b000 rw-p 00000000 00:00 0 
7f1bb638b000-7f1bb63a1000 r-xp 00000000 08:02 5808160                    /opt/jdk-1.7-x86_64/jre/lib/amd64/jli/libjli.so
7f1bb63a1000-7f1bb65a0000 ---p 00016000 08:02 5808160                    /opt/jdk-1.7-x86_64/jre/lib/amd64/jli/libjli.so
7f1bb65a0000-7f1bb65a1000 rw-p 00015000 08:02 5808160                    /opt/jdk-1.7-x86_64/jre/lib/amd64/jli/libjli.so
7f1bb65a1000-7f1bb65a2000 rw-p 00000000 00:00 0 
7f1bb65c4000-7f1bb65cc000 rw-s 00000000 08:03 783365                     /tmp/hsperfdata_pghardy/31113
7f1bb65cc000-7f1bb65cd000 rw-p 00000000 00:00 0 
7f1bb65cd000-7f1bb65ce000 r--p 00000000 00:00 0 
7f1bb65ce000-7f1bb65cf000 rw-p 00000000 00:00 0 
7fffd99c7000-7fffd99e8000 rw-p 00000000 00:00 0                          [stack]
7fffd99ff000-7fffd9a00000 r-xp 00000000 00:00 0                          [vdso]
ffffffffff600000-ffffffffff601000 r-xp 00000000 00:00 0                  [vsyscall]

VM Arguments:
jvm_args: -Dfile.encoding=UTF-8 -Xbootclasspath:/opt/eclipse-java-4.2.0/plugins/android-sdk-linux/platforms/android-16/android.jar 
java_command: org.eclipse.jdt.internal.junit.runner.RemoteTestRunner -version 3 -port 40395 -testLoaderClass org.eclipse.jdt.internal.junit.runner.junit3.JUnit3TestLoader -loaderpluginname org.eclipse.jdt.junit.runtime -classNames AllTests
Launcher Type: SUN_STANDARD

Environment Variables:
CLASSPATH=/home/f10/pghardy/JavaPackages:/usr/people/classes/Java:/usr/share/java/mysql-connector-java.jar:/usr/share/java/junit.jar:/usr/people/classes/Java/objectdraw/objectdraw.jar:.
PATH=/opt/bin:/opt/java-jdk/bin:/opt/intel/bin:/usr/lib64/qt-3.3/bin:/usr/NX/bin:/usr/local/bin:/bin:/usr/bin:/usr/local/sbin:/usr/sbin:/sbin:/opt/cuda-toolkit/bin:/opt/lejos-3.0rc2/bin:/opt/lejos-nxj-0.9.1/bin:/usr/local/physics/bin:/usr/local/fortran/bin:/usr/people/classes/apps/unix/bin:/usr/people/classes/writeups/bin:.
LD_LIBRARY_PATH=/opt/jdk-1.7-x86_64/jre/lib/amd64/server:/opt/jdk-1.7-x86_64/jre/lib/amd64:/opt/jdk-1.7-x86_64/jre/../lib/amd64:/opt/jdk-1.6-x86_64/jre/lib/amd64/server:/opt/jdk-1.6-x86_64/jre/lib/amd64:/opt/jdk-1.6-x86_64/jre/../lib/amd64
SHELL=/bin/tcsh
DISPLAY=:0.0
HOSTTYPE=x86_64-linux
OSTYPE=linux
MACHTYPE=x86_64

Signal Handlers:
SIGSEGV: [libjvm.so+0x8a5c80], sa_mask[0]=0x7ffbfeff, sa_flags=0x10000004
SIGBUS: [libjvm.so+0x8a5c80], sa_mask[0]=0x7ffbfeff, sa_flags=0x10000004
SIGFPE: [libjvm.so+0x741d60], sa_mask[0]=0x7ffbfeff, sa_flags=0x10000004
SIGPIPE: [libjvm.so+0x741d60], sa_mask[0]=0x7ffbfeff, sa_flags=0x10000004
SIGXFSZ: [libjvm.so+0x741d60], sa_mask[0]=0x7ffbfeff, sa_flags=0x10000004
SIGILL: [libjvm.so+0x741d60], sa_mask[0]=0x7ffbfeff, sa_flags=0x10000004
SIGUSR1: SIG_DFL, sa_mask[0]=0x00000000, sa_flags=0x00000000
SIGUSR2: [libjvm.so+0x7416b0], sa_mask[0]=0x00000004, sa_flags=0x10000004
SIGHUP: SIG_DFL, sa_mask[0]=0x00000000, sa_flags=0x00000000
SIGINT: SIG_DFL, sa_mask[0]=0x00000000, sa_flags=0x00000000
SIGTERM: SIG_DFL, sa_mask[0]=0x00000000, sa_flags=0x00000000
SIGQUIT: SIG_DFL, sa_mask[0]=0x00000000, sa_flags=0x00000000


---------------  S Y S T E M  ---------------

OS:Fedora release 17 (Beefy Miracle)

uname:Linux 3.5.2-1.fc17.x86_64 #1 SMP Wed Aug 15 16:09:27 UTC 2012 x86_64
libc:glibc 2.15 NPTL 2.15 
rlimit: STACK 8192k, CORE 0k, NPROC 1024, NOFILE 4096, AS infinity
load average:0.32 0.42 0.44

/proc/meminfo:
MemTotal:        4007464 kB
MemFree:          154052 kB
Buffers:           21416 kB
Cached:          1369128 kB
SwapCached:         2592 kB
Active:          2192848 kB
Inactive:        1347592 kB
Active(anon):    1507820 kB
Inactive(anon):   660076 kB
Active(file):     685028 kB
Inactive(file):   687516 kB
Unevictable:           0 kB
Mlocked:               0 kB
SwapTotal:       7998460 kB
SwapFree:        7918876 kB
Dirty:               264 kB
Writeback:             0 kB
AnonPages:       2143768 kB
Mapped:           110856 kB
Shmem:             17976 kB
Slab:             199636 kB
SReclaimable:     172972 kB
SUnreclaim:        26664 kB
KernelStack:        2808 kB
PageTables:        30640 kB
NFS_Unstable:          0 kB
Bounce:                0 kB
WritebackTmp:          0 kB
CommitLimit:    10002192 kB
Committed_AS:    3904600 kB
VmallocTotal:   34359738367 kB
VmallocUsed:      338776 kB
VmallocChunk:   34359365628 kB
HardwareCorrupted:     0 kB
AnonHugePages:   1376256 kB
HugePages_Total:       0
HugePages_Free:        0
HugePages_Rsvd:        0
HugePages_Surp:        0
Hugepagesize:       2048 kB
DirectMap4k:      133120 kB
DirectMap2M:     2971648 kB


CPU:total 4 (4 cores per cpu, 1 threads per core) family 6 model 42 stepping 7, cmov, cx8, fxsr, mmx, sse, sse2, sse3, ssse3, sse4.1, sse4.2, popcnt, avx, tsc, tscinvbit

/proc/cpuinfo:
processor	: 0
vendor_id	: GenuineIntel
cpu family	: 6
model		: 42
model name	: Intel(R) Core(TM) i5-2400 CPU @ 3.10GHz
stepping	: 7
microcode	: 0x28
cpu MHz		: 1600.000
cache size	: 6144 KB
physical id	: 0
siblings	: 4
core id		: 0
cpu cores	: 4
apicid		: 0
initial apicid	: 0
fpu		: yes
fpu_exception	: yes
cpuid level	: 13
wp		: yes
flags		: fpu vme de pse tsc msr pae mce cx8 apic sep mtrr pge mca cmov pat pse36 clflush dts acpi mmx fxsr sse sse2 ss ht tm pbe syscall nx rdtscp lm constant_tsc arch_perfmon pebs bts rep_good nopl xtopology nonstop_tsc aperfmperf pni pclmulqdq dtes64 monitor ds_cpl vmx smx est tm2 ssse3 cx16 xtpr pdcm pcid sse4_1 sse4_2 x2apic popcnt tsc_deadline_timer aes xsave avx lahf_lm ida arat epb xsaveopt pln pts dtherm tpr_shadow vnmi flexpriority ept vpid
bogomips	: 6185.40
clflush size	: 64
cache_alignment	: 64
address sizes	: 36 bits physical, 48 bits virtual
power management:

processor	: 1
vendor_id	: GenuineIntel
cpu family	: 6
model		: 42
model name	: Intel(R) Core(TM) i5-2400 CPU @ 3.10GHz
stepping	: 7
microcode	: 0x28
cpu MHz		: 1600.000
cache size	: 6144 KB
physical id	: 0
siblings	: 4
core id		: 1
cpu cores	: 4
apicid		: 2
initial apicid	: 2
fpu		: yes
fpu_exception	: yes
cpuid level	: 13
wp		: yes
flags		: fpu vme de pse tsc msr pae mce cx8 apic sep mtrr pge mca cmov pat pse36 clflush dts acpi mmx fxsr sse sse2 ss ht tm pbe syscall nx rdtscp lm constant_tsc arch_perfmon pebs bts rep_good nopl xtopology nonstop_tsc aperfmperf pni pclmulqdq dtes64 monitor ds_cpl vmx smx est tm2 ssse3 cx16 xtpr pdcm pcid sse4_1 sse4_2 x2apic popcnt tsc_deadline_timer aes xsave avx lahf_lm ida arat epb xsaveopt pln pts dtherm tpr_shadow vnmi flexpriority ept vpid
bogomips	: 6185.40
clflush size	: 64
cache_alignment	: 64
address sizes	: 36 bits physical, 48 bits virtual
power management:

processor	: 2
vendor_id	: GenuineIntel
cpu family	: 6
model		: 42
model name	: Intel(R) Core(TM) i5-2400 CPU @ 3.10GHz
stepping	: 7
microcode	: 0x28
cpu MHz		: 3101.000
cache size	: 6144 KB
physical id	: 0
siblings	: 4
core id		: 2
cpu cores	: 4
apicid		: 4
initial apicid	: 4
fpu		: yes
fpu_exception	: yes
cpuid level	: 13
wp		: yes
flags		: fpu vme de pse tsc msr pae mce cx8 apic sep mtrr pge mca cmov pat pse36 clflush dts acpi mmx fxsr sse sse2 ss ht tm pbe syscall nx rdtscp lm constant_tsc arch_perfmon pebs bts rep_good nopl xtopology nonstop_tsc aperfmperf pni pclmulqdq dtes64 monitor ds_cpl vmx smx est tm2 ssse3 cx16 xtpr pdcm pcid sse4_1 sse4_2 x2apic popcnt tsc_deadline_timer aes xsave avx lahf_lm ida arat epb xsaveopt pln pts dtherm tpr_shadow vnmi flexpriority ept vpid
bogomips	: 6185.40
clflush size	: 64
cache_alignment	: 64
address sizes	: 36 bits physical, 48 bits virtual
power management:

processor	: 3
vendor_id	: GenuineIntel
cpu family	: 6
model		: 42
model name	: Intel(R) Core(TM) i5-2400 CPU @ 3.10GHz
stepping	: 7
microcode	: 0x28
cpu MHz		: 1600.000
cache size	: 6144 KB
physical id	: 0
siblings	: 4
core id		: 3
cpu cores	: 4
apicid		: 6
initial apicid	: 6
fpu		: yes
fpu_exception	: yes
cpuid level	: 13
wp		: yes
flags		: fpu vme de pse tsc msr pae mce cx8 apic sep mtrr pge mca cmov pat pse36 clflush dts acpi mmx fxsr sse sse2 ss ht tm pbe syscall nx rdtscp lm constant_tsc arch_perfmon pebs bts rep_good nopl xtopology nonstop_tsc aperfmperf pni pclmulqdq dtes64 monitor ds_cpl vmx smx est tm2 ssse3 cx16 xtpr pdcm pcid sse4_1 sse4_2 x2apic popcnt tsc_deadline_timer aes xsave avx lahf_lm ida arat epb xsaveopt pln pts dtherm tpr_shadow vnmi flexpriority ept vpid
bogomips	: 6185.40
clflush size	: 64
cache_alignment	: 64
address sizes	: 36 bits physical, 48 bits virtual
power management:



Memory: 4k page, physical 4007464k(154052k free), swap 7998460k(7918876k free)

vm_info: Java HotSpot(TM) 64-Bit Server VM (23.5-b02) for linux-amd64 JRE (1.7.0_09-b05), built on Sep 24 2012 20:07:15 by "java_re" with gcc 4.3.0 20080428 (Red Hat 4.3.0-8)

time: Tue Nov 13 20:47:54 2012
elapsed time: 0 seconds

